[0.000000] (-) TimerEvent: {}
[0.000642] (-) JobUnselected: {'identifier': 'ranger_interfaces'}
[0.001188] (ranger_auto) JobQueued: {'identifier': 'ranger_auto', 'dependencies': OrderedDict()}
[0.001264] (ranger_auto) JobStarted: {'identifier': 'ranger_auto'}
[0.099603] (-) TimerEvent: {}
[0.199978] (-) TimerEvent: {}
[0.300358] (-) TimerEvent: {}
[0.400735] (-) TimerEvent: {}
[0.501050] (-) TimerEvent: {}
[0.601611] (-) TimerEvent: {}
[0.684553] (ranger_auto) StderrLine: {'line': b'Traceback (most recent call last):\n  File "/usr/lib/python3/dist-packages/colcon_parallel_executor/executor/parallel.py", line 75, in execute\n    loop.run_until_complete(future)\n  File "/usr/lib/python3.12/asyncio/base_events.py", line 674, in run_until_complete\n    self.run_forever()\n  File "/usr/lib/python3.12/asyncio/base_events.py", line 641, in run_forever\n    self._run_once()\n  File "/usr/lib/python3.12/asyncio/base_events.py", line 1949, in _run_once\n    event_list = self._selector.select(timeout)\n                 ^^^^^^^^^^^^^^^^^^^^^^^^^^^^^^\n  File "/usr/lib/python3.12/selectors.py", line 468, in select\n    fd_event_list = self._selector.poll(timeout, max_ev)\n                    ^^^^^^^^^^^^^^^^^^^^^^^^^^^^^^^^^^^^\nKeyboardInterrupt\n\nDuring handling of the above exception, another exception occurred:\n\nTraceback (most recent call last):\n  File "/usr/lib/python3/dist-packages/colcon_core/executor/__init__.py", line 91, in __call__\n    rc = await self.task(*args, **kwargs)\n         ^^^^^^^^^^^^^^^^^^^^^^^^^^^^^^^^\n  File "/usr/lib/python3/dist-packages/colcon_core/task/__init__.py", line 93, in __call__\n    return await task_method(*args, **kwargs)\n           ^^^^^^^^^^^^^^^^^^^^^^^^^^^^^^^^^^\n  File "/usr/lib/python3/dist-packages/colcon_ros/task/ament_python/build.py", line 102, in build\n    return await extension.build(additional_hooks=additional_hooks)\n           ^^^^^^^^^^^^^^^^^^^^^^^^^^^^^^^^^^^^^^^^^^^^^^^^^^^^^^^^\n  File "/usr/lib/python3/dist-packages/colcon_core/task/python/build.py", line 96, in build\n    available_commands = await self._get_available_commands(\n                         ^^^^^^^^^^^^^^^^^^^^^^^^^^^^^^^^^^^\n  File "/usr/lib/python3/dist-packages/colcon_core/task/python/build.py", line 194, in _get_available_commands\n    output = await check_output(\n             ^^^^^^^^^^^^^^^^^^^\n  File "/usr/lib/python3/dist-packages/colcon_core/subprocess.py", line 129, in check_output\n    assert not rc, f\'Expected {args} to pass: {stderr_data}\'\n           ^^^^^^\nAssertionError: Expected [\'/usr/bin/python3\', \'-W\', \'ignore:setup.py install is deprecated\', \'-W\', \'ignore:easy_install command is deprecated\', \'setup.py\', \'--help-commands\'] to pass: Traceback (most recent call last):\n  File "/usr/lib/python3.12/pathlib.py", line 441, in __str__\n    return self._str\n           ^^^^^^^^^\nAttributeError: \'PosixPath\' object has no attribute \'_str\'\n\nDuring handling of the above exception, another exception occurred:\n\nTraceback (most recent call last):\n  File "/home/ranger/ROV-project/ROV-project/Raspberry Pi/ros2-ws/src/ranger_auto/setup.py", line 5, in <module>\n    setup(\n  File "/usr/lib/python3/dist-packages/setuptools/__init__.py", line 107, in setup\n    return distutils.core.setup(**attrs)\n           ^^^^^^^^^^^^^^^^^^^^^^^^^^^^^\n  File "/usr/lib/python3/dist-packages/setuptools/_distutils/core.py", line 147, in setup\n    _setup_distribution = dist = klass(attrs)\n                                 ^^^^^^^^^^^^\n  File "/usr/lib/python3/dist-packages/setuptools/dist.py", line 483, in __init__\n    for ep in metadata.entry_points(group=\'distutils.setup_keywords\'):\n              ^^^^^^^^^^^^^^^^^^^^^^^^^^^^^^^^^^^^^^^^^^^^^^^^^^^^^^^\n  File "/usr/lib/python3.12/importlib/metadata/__init__.py", line 913, in entry_points\n    return EntryPoints(eps).select(**params)\n           ^^^^^^^^^^^^^^^^\n  File "/usr/lib/python3.12/importlib/metadata/__init__.py", line 911, in <genexpr>\n    dist.entry_points for dist in _unique(distributions())\n    ^^^^^^^^^^^^^^^^^\n  File "/usr/lib/python3.12/importlib/metadata/__init__.py", line 471, in entry_points\n    return EntryPoints._from_text_for(self.read_text(\'entry_points.txt\'), self)\n                                      ^^^^^^^^^^^^^^^^^^^^^^^^^^^^^^^^^^\n  File "/usr/lib/python3.12/importlib/metadata/__init__.py", line 819, in read_text\n    return self._path.joinpath(filename).read_text(encoding=\'utf-8\')\n           ^^^^^^^^^^^^^^^^^^^^^^^^^^^^^^^^^^^^^^^^^^^^^^^^^^^^^^^^^\n  File "/usr/lib/python3.12/pathlib.py", line 1029, in read_text\n    with self.open(mode=\'r\', encoding=encoding, errors=errors) as f:\n         ^^^^^^^^^^^^^^^^^^^^^^^^^^^^^^^^^^^^^^^^^^^^^^^^^^^^^\n  File "/usr/lib/python3.12/pathlib.py", line 1015, in open\n    return io.open(self, mode, buffering, encoding, errors, newline)\n           ^^^^^^^^^^^^^^^^^^^^^^^^^^^^^^^^^^^^^^^^^^^^^^^^^^^^^^^^^\n  File "/usr/lib/python3.12/pathlib.py", line 448, in __fspath__\n    return str(self)\n           ^^^^^^^^^\n  File "/usr/lib/python3.12/pathlib.py", line 443, in __str__\n    self._str = self._format_parsed_parts(self.drive, self.root,\n                                                      ^^^^^^^^^\n  File "/usr/lib/python3.12/pathlib.py", line 560, in root\n    @property\n\nKeyboardInterrupt\n\n'}
[0.685483] (ranger_auto) JobEnded: {'identifier': 'ranger_auto', 'rc': 'SIGINT'}
[0.695133] (-) EventReactorShutdown: {}
