[0.408s] Invoking command in '/home/ranger/ROV-project/ROV-project/Raspberry Pi/ros2-ws/src/ranger_auto': AMENT_PREFIX_PATH=/home/ranger/ROV-project/ROV-project/Raspberry Pi/ros2-ws/install/ranger_auto:${AMENT_PREFIX_PATH} DEBUGINFOD_URLS=https://debuginfod.ubuntu.com PYTEST_ADDOPTS=--tb=short "--junit-xml=/home/ranger/ROV-project/ROV-project/Raspberry Pi/ros2-ws/build/ranger_auto/pytest.xml" --junit-prefix=ranger_auto -o "cache_dir=/home/ranger/ROV-project/ROV-project/Raspberry Pi/ros2-ws/build/ranger_auto/.pytest_cache" PYTHONDONTWRITEBYTECODE=1 PYTHONPATH=/home/ranger/ROV-project/ROV-project/Raspberry Pi/ros2-ws/install/ranger_auto/lib/python3.12/site-packages:${PYTHONPATH} /usr/bin/python3 -m pytest
[1.493s] [1m============================= test session starts ==============================[0m
[1.493s] platform linux -- Python 3.12.3, pytest-7.4.4, pluggy-1.4.0
[1.499s] cachedir: /home/ranger/ROV-project/ROV-project/Raspberry Pi/ros2-ws/build/ranger_auto/.pytest_cache
[1.499s] rootdir: /home/ranger/ROV-project/ROV-project/Raspberry Pi/ros2-ws/src/ranger_auto
[1.499s] plugins: ament-lint-0.19.2, ament-flake8-0.19.2, ament-pep257-0.19.2, ament-copyright-0.19.2, launch-testing-3.8.1, launch-testing-ros-0.28.1, ament-xmllint-0.19.2, typeguard-4.1.5, colcon-core-0.19.0, cov-4.1.0
[1.704s] [1mcollecting ... [0m[1m
[1.704s] collected 4 items                                                              [0m
[1.705s] 
[1.716s] test/test_copyright.py [33ms[0m[32m                                                 [ 25%][0m
[2.048s] test/test_flake8.py [31mF[0m[31m                                                    [ 50%][0m
[2.081s] test/test_pep257.py [32m.[0m[31m                                                    [ 75%][0m
[2.245s] test/test_xmllint.py [32m.[0m[31m                                                   [100%][0m
[2.245s] 
[2.245s] =================================== FAILURES ===================================
[2.245s] [31m[1m_________________________________ test_flake8 __________________________________[0m
[2.245s] [1m[31mtest/test_flake8.py[0m:23: in test_flake8
[2.306s]     [94massert[39;49;00m rc == [94m0[39;49;00m, \
[2.306s] [1m[31mE   AssertionError: Found 56 code style errors / warnings:[0m
[2.306s] [1m[31mE     ./ranger_auto/serial_comms.py:5:1: I101 Imported names are in the wrong order. Should be Imu, MagneticField, Range[0m
[2.306s] [1m[31mE     ./ranger_auto/serial_comms.py:6:1: I100 Import statements are in the wrong order. 'from ranger_interfaces.msg import ThrusterThrottle' should be before 'from sensor_msgs.msg import Imu, Range, MagneticField'[0m
[2.307s] [1m[31mE     ./ranger_auto/serial_comms.py:8:1: I100 Import statements are in the wrong order. 'import re' should be before 'import serial' and in a different group.[0m
[2.307s] [1m[31mE     ./ranger_auto/serial_comms.py:8:1: I201 Missing newline between import groups. 'import re' is identified as Stdlib and 'import serial' is identified as Third Party.[0m
[2.307s] [1m[31mE     ./ranger_auto/serial_comms.py:13:22: Q000 Double quotes found but single quotes preferred[0m
[2.307s] [1m[31mE     ./ranger_auto/serial_comms.py:16:31: E261 at least two spaces before inline comment[0m
[2.307s] [1m[31mE     ./ranger_auto/serial_comms.py:16:32: E262 inline comment should start with '# '[0m
[2.307s] [1m[31mE     ./ranger_auto/serial_comms.py:18:19: E231 missing whitespace after ','[0m
[2.307s] [1m[31mE     ./ranger_auto/serial_comms.py:18:21: E231 missing whitespace after ','[0m
[2.307s] [1m[31mE     ./ranger_auto/serial_comms.py:18:28: E231 missing whitespace after ','[0m
[2.307s] [1m[31mE     ./ranger_auto/serial_comms.py:18:30: E231 missing whitespace after ','[0m
[2.307s] [1m[31mE     ./ranger_auto/serial_comms.py:18:37: E231 missing whitespace after ','[0m
[2.307s] [1m[31mE     ./ranger_auto/serial_comms.py:18:39: E231 missing whitespace after ','[0m
[2.307s] [1m[31mE     ./ranger_auto/serial_comms.py:19:18: E231 missing whitespace after ','[0m
[2.308s] [1m[31mE     ./ranger_auto/serial_comms.py:19:20: E231 missing whitespace after ','[0m
[2.308s] [1m[31mE     ./ranger_auto/serial_comms.py:19:27: E231 missing whitespace after ','[0m
[2.308s] [1m[31mE     ./ranger_auto/serial_comms.py:19:29: E231 missing whitespace after ','[0m
[2.308s] [1m[31mE     ./ranger_auto/serial_comms.py:19:36: E231 missing whitespace after ','[0m
[2.308s] [1m[31mE     ./ranger_auto/serial_comms.py:19:38: E231 missing whitespace after ','[0m
[2.308s] [1m[31mE     ./ranger_auto/serial_comms.py:21:1: E302 expected 2 blank lines, found 1[0m
[2.308s] [1m[31mE     ./ranger_auto/serial_comms.py:29:100: E501 line too long (123 > 99 characters)[0m
[2.308s] [1m[31mE     ./ranger_auto/serial_comms.py:31:1: W293 blank line contains whitespace[0m
[2.308s] [1m[31mE     ./ranger_auto/serial_comms.py:50:1: W293 blank line contains whitespace[0m
[2.309s] [1m[31mE     ./ranger_auto/serial_comms.py:55:5: A001 variable "id" is shadowing a python builtin[0m
[2.309s] [1m[31mE     ./ranger_auto/serial_comms.py:59:1: B901 blind except: statement[0m
[2.310s] [1m[31mE     ./ranger_auto/serial_comms.py:59:5: E722 do not use bare 'except'[0m
[2.310s] [1m[31mE     ./ranger_auto/serial_comms.py:63:14: Q000 Double quotes found but single quotes preferred[0m
[2.310s] [1m[31mE     ./ranger_auto/serial_comms.py:66:37: E231 missing whitespace after ','[0m
[2.310s] [1m[31mE     ./ranger_auto/serial_comms.py:66:39: E231 missing whitespace after ','[0m
[2.310s] [1m[31mE     ./ranger_auto/serial_comms.py:72:45: F823 local variable 'latest_accel' defined in enclosing scope on line 18 referenced before assignment[0m
[2.310s] [1m[31mE     ./ranger_auto/serial_comms.py:75:42: F823 local variable 'latest_gyro' defined in enclosing scope on line 19 referenced before assignment[0m
[2.310s] [1m[31mE     ./ranger_auto/serial_comms.py:77:34: E231 missing whitespace after ','[0m
[2.310s] [1m[31mE     ./ranger_auto/serial_comms.py:77:36: E231 missing whitespace after ','[0m
[2.310s] [1m[31mE     ./ranger_auto/serial_comms.py:78:33: E231 missing whitespace after ','[0m
[2.310s] [1m[31mE     ./ranger_auto/serial_comms.py:78:35: E231 missing whitespace after ','[0m
[2.310s] [1m[31mE     ./ranger_auto/serial_comms.py:83:9: E303 too many blank lines (2)[0m
[2.311s] [1m[31mE     ./ranger_auto/serial_comms.py:83:14: Q000 Double quotes found but single quotes preferred[0m
[2.311s] [1m[31mE     ./ranger_auto/serial_comms.py:86:38: E231 missing whitespace after ','[0m
[2.311s] [1m[31mE     ./ranger_auto/serial_comms.py:86:40: E231 missing whitespace after ','[0m
[2.311s] [1m[31mE     ./ranger_auto/serial_comms.py:97:34: E231 missing whitespace after ','[0m
[2.311s] [1m[31mE     ./ranger_auto/serial_comms.py:97:36: E231 missing whitespace after ','[0m
[2.311s] [1m[31mE     ./ranger_auto/serial_comms.py:98:33: E231 missing whitespace after ','[0m
[2.311s] [1m[31mE     ./ranger_auto/serial_comms.py:98:35: E231 missing whitespace after ','[0m
[2.311s] [1m[31mE     ./ranger_auto/serial_comms.py:102:14: Q000 Double quotes found but single quotes preferred[0m
[2.311s] [1m[31mE     ./ranger_auto/serial_comms.py:111:14: Q000 Double quotes found but single quotes preferred[0m
[2.311s] [1m[31mE     ./ranger_auto/serial_comms.py:122:1: E302 expected 2 blank lines, found 1[0m
[2.311s] [1m[31mE     ./ranger_auto/serial_comms.py:128:1: E302 expected 2 blank lines, found 1[0m
[2.312s] [1m[31mE     ./ranger_auto/serial_comms.py:128:32: E231 missing whitespace after ':'[0m
[2.312s] [1m[31mE     ./ranger_auto/serial_comms.py:129:15: Q000 Double quotes found but single quotes preferred[0m
[2.312s] [1m[31mE     ./ranger_auto/serial_comms.py:129:41: Q000 Double quotes found but single quotes preferred[0m
[2.312s] [1m[31mE     ./ranger_auto/serial_comms.py:132:1: E302 expected 2 blank lines, found 1[0m
[2.312s] [1m[31mE     ./ranger_auto/serial_comms.py:140:1: E302 expected 2 blank lines, found 1[0m
[2.312s] [1m[31mE     ./ranger_auto/serial_comms.py:144:1: E302 expected 2 blank lines, found 1[0m
[2.312s] [1m[31mE     ./ranger_auto/serial_comms.py:149:1: E302 expected 2 blank lines, found 1[0m
[2.312s] [1m[31mE     ./ranger_auto/serial_comms.py:158:1: E305 expected 2 blank lines after class or function definition, found 1[0m
[2.312s] [1m[31mE     ./ranger_auto/serial_comms.py:159:11: W292 no newline at end of file[0m
[2.313s] [1m[31mE   assert 1 == 0[0m
[2.313s] ----------------------------- Captured stdout call -----------------------------
[2.313s] 
[2.313s] ./ranger_auto/serial_comms.py:5:1: I101 Imported names are in the wrong order. Should be Imu, MagneticField, Range
[2.313s] from sensor_msgs.msg import Imu, Range, MagneticField
[2.313s] ^
[2.314s] 
[2.314s] ./ranger_auto/serial_comms.py:6:1: I100 Import statements are in the wrong order. 'from ranger_interfaces.msg import ThrusterThrottle' should be before 'from sensor_msgs.msg import Imu, Range, MagneticField'
[2.314s] from ranger_interfaces.msg import ThrusterThrottle
[2.314s] ^
[2.314s] 
[2.314s] ./ranger_auto/serial_comms.py:8:1: I100 Import statements are in the wrong order. 'import re' should be before 'import serial' and in a different group.
[2.314s] import re
[2.314s] ^
[2.314s] 
[2.315s] ./ranger_auto/serial_comms.py:8:1: I201 Missing newline between import groups. 'import re' is identified as Stdlib and 'import serial' is identified as Third Party.
[2.315s] import re
[2.315s] ^
[2.315s] 
[2.315s] ./ranger_auto/serial_comms.py:13:22: Q000 Double quotes found but single quotes preferred
[2.315s] pattern = re.compile(r"\S+")
[2.315s]                      ^
[2.315s] 
[2.315s] ./ranger_auto/serial_comms.py:16:31: E261 at least two spaces before inline comment
[2.315s] sensor_update_frequency = 5000 #Hz
[2.316s]                               ^
[2.316s] 
[2.316s] ./ranger_auto/serial_comms.py:16:32: E262 inline comment should start with '# '
[2.316s] sensor_update_frequency = 5000 #Hz
[2.316s]                                ^
[2.316s] 
[2.316s] ./ranger_auto/serial_comms.py:18:19: E231 missing whitespace after ','
[2.316s] latest_accel = [[0,0,0], [0,0,0], [0,0,0]]
[2.316s]                   ^
[2.317s] 
[2.317s] ./ranger_auto/serial_comms.py:18:21: E231 missing whitespace after ','
[2.317s] latest_accel = [[0,0,0], [0,0,0], [0,0,0]]
[2.317s]                     ^
[2.317s] 
[2.317s] ./ranger_auto/serial_comms.py:18:28: E231 missing whitespace after ','
[2.317s] latest_accel = [[0,0,0], [0,0,0], [0,0,0]]
[2.318s]                            ^
[2.318s] 
[2.318s] ./ranger_auto/serial_comms.py:18:30: E231 missing whitespace after ','
[2.318s] latest_accel = [[0,0,0], [0,0,0], [0,0,0]]
[2.318s]                              ^
[2.318s] 
[2.318s] ./ranger_auto/serial_comms.py:18:37: E231 missing whitespace after ','
[2.319s] latest_accel = [[0,0,0], [0,0,0], [0,0,0]]
[2.319s]                                     ^
[2.319s] 
[2.319s] ./ranger_auto/serial_comms.py:18:39: E231 missing whitespace after ','
[2.319s] latest_accel = [[0,0,0], [0,0,0], [0,0,0]]
[2.319s]                                       ^
[2.319s] 
[2.319s] ./ranger_auto/serial_comms.py:19:18: E231 missing whitespace after ','
[2.320s] latest_gyro = [[0,0,0], [0,0,0], [0,0,0]]
[2.320s]                  ^
[2.320s] 
[2.320s] ./ranger_auto/serial_comms.py:19:20: E231 missing whitespace after ','
[2.320s] latest_gyro = [[0,0,0], [0,0,0], [0,0,0]]
[2.320s]                    ^
[2.320s] 
[2.320s] ./ranger_auto/serial_comms.py:19:27: E231 missing whitespace after ','
[2.320s] latest_gyro = [[0,0,0], [0,0,0], [0,0,0]]
[2.321s]                           ^
[2.321s] 
[2.321s] ./ranger_auto/serial_comms.py:19:29: E231 missing whitespace after ','
[2.321s] latest_gyro = [[0,0,0], [0,0,0], [0,0,0]]
[2.321s]                             ^
[2.321s] 
[2.321s] ./ranger_auto/serial_comms.py:19:36: E231 missing whitespace after ','
[2.321s] latest_gyro = [[0,0,0], [0,0,0], [0,0,0]]
[2.321s]                                    ^
[2.321s] 
[2.322s] ./ranger_auto/serial_comms.py:19:38: E231 missing whitespace after ','
[2.322s] latest_gyro = [[0,0,0], [0,0,0], [0,0,0]]
[2.322s]                                      ^
[2.322s] 
[2.322s] ./ranger_auto/serial_comms.py:21:1: E302 expected 2 blank lines, found 1
[2.322s] class SerialComms(Node):
[2.322s] ^
[2.322s] 
[2.322s] ./ranger_auto/serial_comms.py:29:100: E501 line too long (123 > 99 characters)
[2.323s]         self.throttle_subscriber_ = self.create_subscription(ThrusterThrottle, 'throttle_data', throttle_data_callback, 10)
[2.323s]                                                                                                    ^
[2.323s] 
[2.323s] ./ranger_auto/serial_comms.py:31:1: W293 blank line contains whitespace
[2.323s]     
[2.323s] ^
[2.324s] 
[2.324s] ./ranger_auto/serial_comms.py:50:1: W293 blank line contains whitespace
[2.324s]     
[2.324s] ^
[2.324s] 
[2.324s] ./ranger_auto/serial_comms.py:55:5: A001 variable "id" is shadowing a python builtin
[2.324s]     id = result[1]
[2.324s]     ^
[2.324s] 
[2.324s] ./ranger_auto/serial_comms.py:59:1: B901 blind except: statement
[2.324s]     except:
[2.324s] ^
[2.325s] 
[2.325s] ./ranger_auto/serial_comms.py:59:5: E722 do not use bare 'except'
[2.325s]     except:
[2.325s]     ^
[2.325s] 
[2.325s] ./ranger_auto/serial_comms.py:63:14: Q000 Double quotes found but single quotes preferred
[2.325s]         case "ACCEL":
[2.325s]              ^
[2.325s] 
[2.325s] ./ranger_auto/serial_comms.py:66:37: E231 missing whitespace after ','
[2.325s]             if latest_gyro[id] != [0,0,0]:
[2.326s]                                     ^
[2.326s] 
[2.326s] ./ranger_auto/serial_comms.py:66:39: E231 missing whitespace after ','
[2.326s]             if latest_gyro[id] != [0,0,0]:
[2.326s]                                       ^
[2.326s] 
[2.326s] ./ranger_auto/serial_comms.py:72:45: F823 local variable 'latest_accel' defined in enclosing scope on line 18 referenced before assignment
[2.326s]                 pub.linear_acceleration.z = latest_accel[id][2]
[2.326s]                                             ^
[2.327s] 
[2.327s] ./ranger_auto/serial_comms.py:75:42: F823 local variable 'latest_gyro' defined in enclosing scope on line 19 referenced before assignment
[2.327s]                 pub.angular_velocity.z = latest_gyro[id][2]
[2.327s]                                          ^
[2.327s] 
[2.327s] ./ranger_auto/serial_comms.py:77:34: E231 missing whitespace after ','
[2.327s]                 latest_accel = [0,0,0]
[2.328s]                                  ^
[2.328s] 
[2.328s] ./ranger_auto/serial_comms.py:77:36: E231 missing whitespace after ','
[2.328s]                 latest_accel = [0,0,0]
[2.328s]                                    ^
[2.328s] 
[2.328s] ./ranger_auto/serial_comms.py:78:33: E231 missing whitespace after ','
[2.329s]                 latest_gyro = [0,0,0]
[2.329s]                                 ^
[2.329s] 
[2.329s] ./ranger_auto/serial_comms.py:78:35: E231 missing whitespace after ','
[2.329s]                 latest_gyro = [0,0,0]
[2.329s]                                   ^
[2.329s] 
[2.329s] ./ranger_auto/serial_comms.py:83:9: E303 too many blank lines (2)
[2.330s]         case "GYRO":
[2.330s]         ^
[2.330s] 
[2.330s] ./ranger_auto/serial_comms.py:83:14: Q000 Double quotes found but single quotes preferred
[2.330s]         case "GYRO":
[2.330s]              ^
[2.330s] 
[2.330s] ./ranger_auto/serial_comms.py:86:38: E231 missing whitespace after ','
[2.331s]             if latest_accel[id] != [0,0,0]:
[2.331s]                                      ^
[2.331s] 
[2.331s] ./ranger_auto/serial_comms.py:86:40: E231 missing whitespace after ','
[2.331s]             if latest_accel[id] != [0,0,0]:
[2.331s]                                        ^
[2.331s] 
[2.331s] ./ranger_auto/serial_comms.py:97:34: E231 missing whitespace after ','
[2.332s]                 latest_accel = [0,0,0]
[2.332s]                                  ^
[2.332s] 
[2.332s] ./ranger_auto/serial_comms.py:97:36: E231 missing whitespace after ','
[2.332s]                 latest_accel = [0,0,0]
[2.332s]                                    ^
[2.332s] 
[2.332s] ./ranger_auto/serial_comms.py:98:33: E231 missing whitespace after ','
[2.333s]                 latest_gyro = [0,0,0]
[2.333s]                                 ^
[2.333s] 
[2.333s] ./ranger_auto/serial_comms.py:98:35: E231 missing whitespace after ','
[2.333s]                 latest_gyro = [0,0,0]
[2.333s]                                   ^
[2.333s] 
[2.333s] ./ranger_auto/serial_comms.py:102:14: Q000 Double quotes found but single quotes preferred
[2.334s]         case "MAGNET":
[2.334s]              ^
[2.334s] 
[2.334s] ./ranger_auto/serial_comms.py:111:14: Q000 Double quotes found but single quotes preferred
[2.334s]         case "USONIC":
[2.334s]              ^
[2.334s] 
[2.334s] ./ranger_auto/serial_comms.py:122:1: E302 expected 2 blank lines, found 1
[2.335s] def open_serial(comport, baudrate):
[2.335s] ^
[2.335s] 
[2.335s] ./ranger_auto/serial_comms.py:128:1: E302 expected 2 blank lines, found 1
[2.335s] def throttle_data_callback(data:ThrusterThrottle):
[2.335s] ^
[2.335s] 
[2.335s] ./ranger_auto/serial_comms.py:128:32: E231 missing whitespace after ':'
[2.335s] def throttle_data_callback(data:ThrusterThrottle):
[2.336s]                                ^
[2.336s] 
[2.336s] ./ranger_auto/serial_comms.py:129:15: Q000 Double quotes found but single quotes preferred
[2.336s]     message = "MOTOR " + str(data.id) + " " + str(data.value)
[2.336s]               ^
[2.336s] 
[2.336s] ./ranger_auto/serial_comms.py:129:41: Q000 Double quotes found but single quotes preferred
[2.336s]     message = "MOTOR " + str(data.id) + " " + str(data.value)
[2.337s]                                         ^
[2.337s] 
[2.337s] ./ranger_auto/serial_comms.py:132:1: E302 expected 2 blank lines, found 1
[2.337s] def read_serial():
[2.337s] ^
[2.337s] 
[2.337s] ./ranger_auto/serial_comms.py:140:1: E302 expected 2 blank lines, found 1
[2.337s] def write_serial(message):
[2.337s] ^
[2.338s] 
[2.338s] ./ranger_auto/serial_comms.py:144:1: E302 expected 2 blank lines, found 1
[2.338s] def close_serial():
[2.338s] ^
[2.338s] 
[2.338s] ./ranger_auto/serial_comms.py:149:1: E302 expected 2 blank lines, found 1
[2.338s] def main(args=None):
[2.338s] ^
[2.339s] 
[2.339s] ./ranger_auto/serial_comms.py:158:1: E305 expected 2 blank lines after class or function definition, found 1
[2.339s] if __name__ == '__main__':
[2.339s] ^
[2.339s] 
[2.339s] ./ranger_auto/serial_comms.py:159:11: W292 no newline at end of file
[2.339s]     main()          ^
[2.340s] 
[2.340s] 1     A001 variable "id" is shadowing a python builtin
[2.340s] 1     B901 blind except: statement
[2.340s] 25    E231 missing whitespace after ','
[2.340s] 1     E261 at least two spaces before inline comment
[2.340s] 1     E262 inline comment should start with '# '
[2.340s] 7     E302 expected 2 blank lines, found 1
[2.340s] 1     E303 too many blank lines (2)
[2.340s] 1     E305 expected 2 blank lines after class or function definition, found 1
[2.340s] 1     E501 line too long (123 > 99 characters)
[2.341s] 1     E722 do not use bare 'except'
[2.341s] 2     F823 local variable 'latest_accel' defined in enclosing scope on line 18 referenced before assignment
[2.341s] 2     I100 Import statements are in the wrong order. 'from ranger_interfaces.msg import ThrusterThrottle' should be before 'from sensor_msgs.msg import Imu, Range, MagneticField'
[2.341s] 1     I101 Imported names are in the wrong order. Should be Imu, MagneticField, Range
[2.341s] 1     I201 Missing newline between import groups. 'import re' is identified as Stdlib and 'import serial' is identified as Third Party.
[2.341s] 7     Q000 Double quotes found but single quotes preferred
[2.342s] 1     W292 no newline at end of file
[2.342s] 2     W293 blank line contains whitespace
[2.342s] 
[2.342s] 8 files checked
[2.342s] 56 errors
[2.343s] 
[2.343s] 'A'-type errors: 1
[2.343s] 'B'-type errors: 1
[2.343s] 'E'-type errors: 38
[2.344s] 'F'-type errors: 2
[2.344s] 'I'-type errors: 4
[2.344s] 'Q'-type errors: 7
[2.344s] 'W'-type errors: 3
[2.344s] 
[2.344s] Checked files:
[2.344s] 
[2.344s] * ./setup.py
[2.344s] * ./test/test_xmllint.py
[2.345s] * ./test/test_copyright.py
[2.345s] * ./test/test_pep257.py
[2.345s] * ./test/test_flake8.py
[2.345s] * ./ranger_auto/serial_comms.py
[2.345s] * ./ranger_auto/__init__.py
[2.345s] * ./ranger_auto/pathfinder.py
[2.345s] - generated xml file: /home/ranger/ROV-project/ROV-project/Raspberry Pi/ros2-ws/build/ranger_auto/pytest.xml -
[2.345s] [36m[1m=========================== short test summary info ============================[0m
[2.345s] [31mFAILED[0m test/test_flake8.py::[1mtest_flake8[0m - AssertionError: Found 56 code style errors / warnings:
[2.346s] [31m==================== [31m[1m1 failed[0m, [32m2 passed[0m, [33m1 skipped[0m[31m in 0.82s[0m[31m ====================[0m
[2.601s] Invoked command in '/home/ranger/ROV-project/ROV-project/Raspberry Pi/ros2-ws/src/ranger_auto' returned '1': AMENT_PREFIX_PATH=/home/ranger/ROV-project/ROV-project/Raspberry Pi/ros2-ws/install/ranger_auto:${AMENT_PREFIX_PATH} DEBUGINFOD_URLS=https://debuginfod.ubuntu.com PYTEST_ADDOPTS=--tb=short "--junit-xml=/home/ranger/ROV-project/ROV-project/Raspberry Pi/ros2-ws/build/ranger_auto/pytest.xml" --junit-prefix=ranger_auto -o "cache_dir=/home/ranger/ROV-project/ROV-project/Raspberry Pi/ros2-ws/build/ranger_auto/.pytest_cache" PYTHONDONTWRITEBYTECODE=1 PYTHONPATH=/home/ranger/ROV-project/ROV-project/Raspberry Pi/ros2-ws/install/ranger_auto/lib/python3.12/site-packages:${PYTHONPATH} /usr/bin/python3 -m pytest
